  [1m[35m (408.0ms)[0m  [1m[35mCREATE DATABASE "biztrk_api_development" ENCODING = 'unicode'[0m
  [1m[35m (297.0ms)[0m  [1m[35mCREATE DATABASE "biztrk_api_test" ENCODING = 'unicode'[0m
  [1m[35m (10.5ms)[0m  [1m[35mCREATE TABLE "schema_migrations" ("version" character varying NOT NULL PRIMARY KEY)[0m
  [1m[35m (3.0ms)[0m  [1m[35mCREATE TABLE "ar_internal_metadata" ("key" character varying NOT NULL PRIMARY KEY, "value" character varying, "created_at" timestamp(6) NOT NULL, "updated_at" timestamp(6) NOT NULL)[0m
  [1m[35m (0.2ms)[0m  [1m[34mSELECT pg_try_advisory_lock(1301990701817916705)[0m
  [1m[35m (0.7ms)[0m  [1m[34mSELECT "schema_migrations"."version" FROM "schema_migrations" ORDER BY "schema_migrations"."version" ASC[0m
Migrating to CreateCompanies (20190817035525)
  [1m[35m (0.2ms)[0m  [1m[35mBEGIN[0m
  [1m[35m (5.3ms)[0m  [1m[35mCREATE TABLE "companies" ("id" bigserial primary key, "name" character varying, "industry" character varying, "open" float, "close" float, "notes" character varying, "created_at" timestamp(6) NOT NULL, "updated_at" timestamp(6) NOT NULL)[0m
  [1m[36mprimary::SchemaMigration Create (2.0ms)[0m  [1m[32mINSERT INTO "schema_migrations" ("version") VALUES ($1) RETURNING "version"[0m  [["version", "20190817035525"]]
  [1m[35m (0.4ms)[0m  [1m[35mCOMMIT[0m
  [1m[36mActiveRecord::InternalMetadata Load (0.5ms)[0m  [1m[34mSELECT "ar_internal_metadata".* FROM "ar_internal_metadata" WHERE "ar_internal_metadata"."key" = $1 LIMIT $2[0m  [["key", "environment"], ["LIMIT", 1]]
  [1m[35m (0.2ms)[0m  [1m[35mBEGIN[0m
  [1m[36mActiveRecord::InternalMetadata Create (0.8ms)[0m  [1m[32mINSERT INTO "ar_internal_metadata" ("key", "value", "created_at", "updated_at") VALUES ($1, $2, $3, $4) RETURNING "key"[0m  [["key", "environment"], ["value", "development"], ["created_at", "2019-08-17 03:58:05.529980"], ["updated_at", "2019-08-17 03:58:05.529980"]]
  [1m[35m (0.3ms)[0m  [1m[35mCOMMIT[0m
  [1m[35m (0.2ms)[0m  [1m[34mSELECT pg_advisory_unlock(1301990701817916705)[0m
  [1m[35m (1.3ms)[0m  [1m[34mSELECT "schema_migrations"."version" FROM "schema_migrations" ORDER BY "schema_migrations"."version" ASC[0m
  [1m[35m (0.8ms)[0m  [1m[34mSELECT "schema_migrations"."version" FROM "schema_migrations" ORDER BY "schema_migrations"."version" ASC[0m
  [1m[35m (0.6ms)[0m  [1m[34mSELECT "schema_migrations"."version" FROM "schema_migrations" ORDER BY "schema_migrations"."version" ASC[0m
  [1m[35m (0.6ms)[0m  [1m[34mSELECT "schema_migrations"."version" FROM "schema_migrations" ORDER BY "schema_migrations"."version" ASC[0m
  [1m[35m (0.2ms)[0m  [1m[35mBEGIN[0m
  [1m[36mCompany Create (2.6ms)[0m  [1m[32mINSERT INTO "companies" ("name", "industry", "open", "close", "notes", "created_at", "updated_at") VALUES ($1, $2, $3, $4, $5, $6, $7) RETURNING "id"[0m  [["name", "Lueilwitz-Schamberger"], ["industry", "Philanthropy"], ["open", 44.37], ["close", 12.88], ["notes", "morph viral metrics"], ["created_at", "2019-08-17 04:05:29.008680"], ["updated_at", "2019-08-17 04:05:29.008680"]]
  [1m[35m (0.5ms)[0m  [1m[35mCOMMIT[0m
  [1m[35m (0.1ms)[0m  [1m[35mBEGIN[0m
  [1m[36mCompany Create (0.3ms)[0m  [1m[32mINSERT INTO "companies" ("name", "industry", "open", "close", "notes", "created_at", "updated_at") VALUES ($1, $2, $3, $4, $5, $6, $7) RETURNING "id"[0m  [["name", "Stiedemann Group"], ["industry", "Legislative Office"], ["open", 71.19], ["close", 12.9], ["notes", "unleash synergistic eyeballs"], ["created_at", "2019-08-17 04:05:29.016606"], ["updated_at", "2019-08-17 04:05:29.016606"]]
  [1m[35m (0.3ms)[0m  [1m[35mCOMMIT[0m
  [1m[35m (0.1ms)[0m  [1m[35mBEGIN[0m
  [1m[36mCompany Create (0.3ms)[0m  [1m[32mINSERT INTO "companies" ("name", "industry", "open", "close", "notes", "created_at", "updated_at") VALUES ($1, $2, $3, $4, $5, $6, $7) RETURNING "id"[0m  [["name", "Bauch-Brown"], ["industry", "Logistics and Supply Chain"], ["open", 15.44], ["close", 85.45], ["notes", "monetize next-generation models"], ["created_at", "2019-08-17 04:05:29.020565"], ["updated_at", "2019-08-17 04:05:29.020565"]]
  [1m[35m (0.3ms)[0m  [1m[35mCOMMIT[0m
  [1m[35m (0.1ms)[0m  [1m[35mBEGIN[0m
  [1m[36mCompany Create (0.3ms)[0m  [1m[32mINSERT INTO "companies" ("name", "industry", "open", "close", "notes", "created_at", "updated_at") VALUES ($1, $2, $3, $4, $5, $6, $7) RETURNING "id"[0m  [["name", "Effertz, Smith and Bosco"], ["industry", "Printing"], ["open", 72.61], ["close", 32.16], ["notes", "unleash front-end applications"], ["created_at", "2019-08-17 04:05:29.024649"], ["updated_at", "2019-08-17 04:05:29.024649"]]
  [1m[35m (0.3ms)[0m  [1m[35mCOMMIT[0m
  [1m[35m (0.1ms)[0m  [1m[35mBEGIN[0m
  [1m[36mCompany Create (0.3ms)[0m  [1m[32mINSERT INTO "companies" ("name", "industry", "open", "close", "notes", "created_at", "updated_at") VALUES ($1, $2, $3, $4, $5, $6, $7) RETURNING "id"[0m  [["name", "Johnston-Hyatt"], ["industry", "Supermarkets"], ["open", 53.23], ["close", 24.73], ["notes", "optimize out-of-the-box systems"], ["created_at", "2019-08-17 04:05:29.028754"], ["updated_at", "2019-08-17 04:05:29.028754"]]
  [1m[35m (0.3ms)[0m  [1m[35mCOMMIT[0m
  [1m[35m (0.1ms)[0m  [1m[35mBEGIN[0m
  [1m[36mCompany Create (0.3ms)[0m  [1m[32mINSERT INTO "companies" ("name", "industry", "open", "close", "notes", "created_at", "updated_at") VALUES ($1, $2, $3, $4, $5, $6, $7) RETURNING "id"[0m  [["name", "Schowalter Inc"], ["industry", "Sports"], ["open", 51.53], ["close", 88.52], ["notes", "exploit holistic systems"], ["created_at", "2019-08-17 04:05:29.032842"], ["updated_at", "2019-08-17 04:05:29.032842"]]
  [1m[35m (0.3ms)[0m  [1m[35mCOMMIT[0m
  [1m[35m (0.1ms)[0m  [1m[35mBEGIN[0m
  [1m[36mCompany Create (0.3ms)[0m  [1m[32mINSERT INTO "companies" ("name", "industry", "open", "close", "notes", "created_at", "updated_at") VALUES ($1, $2, $3, $4, $5, $6, $7) RETURNING "id"[0m  [["name", "Fahey, King and Yost"], ["industry", "Alternative Dispute Resolution"], ["open", 76.31], ["close", 44.09], ["notes", "transition global markets"], ["created_at", "2019-08-17 04:05:29.036892"], ["updated_at", "2019-08-17 04:05:29.036892"]]
  [1m[35m (0.4ms)[0m  [1m[35mCOMMIT[0m
  [1m[35m (0.1ms)[0m  [1m[35mBEGIN[0m
  [1m[36mCompany Create (0.3ms)[0m  [1m[32mINSERT INTO "companies" ("name", "industry", "open", "close", "notes", "created_at", "updated_at") VALUES ($1, $2, $3, $4, $5, $6, $7) RETURNING "id"[0m  [["name", "Muller-White"], ["industry", "Photography"], ["open", 98.26], ["close", 34.51], ["notes", "enhance extensible partnerships"], ["created_at", "2019-08-17 04:05:29.041115"], ["updated_at", "2019-08-17 04:05:29.041115"]]
  [1m[35m (0.3ms)[0m  [1m[35mCOMMIT[0m
  [1m[35m (0.1ms)[0m  [1m[35mBEGIN[0m
  [1m[36mCompany Create (0.3ms)[0m  [1m[32mINSERT INTO "companies" ("name", "industry", "open", "close", "notes", "created_at", "updated_at") VALUES ($1, $2, $3, $4, $5, $6, $7) RETURNING "id"[0m  [["name", "Hamill, Ferry and Borer"], ["industry", "Political Organization"], ["open", 60.42], ["close", 30.73], ["notes", "disintermediate out-of-the-box e-markets"], ["created_at", "2019-08-17 04:05:29.045078"], ["updated_at", "2019-08-17 04:05:29.045078"]]
  [1m[35m (0.5ms)[0m  [1m[35mCOMMIT[0m
  [1m[35m (0.2ms)[0m  [1m[35mBEGIN[0m
  [1m[36mCompany Create (0.3ms)[0m  [1m[32mINSERT INTO "companies" ("name", "industry", "open", "close", "notes", "created_at", "updated_at") VALUES ($1, $2, $3, $4, $5, $6, $7) RETURNING "id"[0m  [["name", "Murazik Group"], ["industry", "Medical Devices"], ["open", 54.13], ["close", 34.91], ["notes", "reinvent holistic communities"], ["created_at", "2019-08-17 04:05:29.050185"], ["updated_at", "2019-08-17 04:05:29.050185"]]
  [1m[35m (0.3ms)[0m  [1m[35mCOMMIT[0m
Started GET "/companies" for ::1 at 2019-08-17 00:05:55 -0400
  [1m[35m (0.6ms)[0m  [1m[34mSELECT "schema_migrations"."version" FROM "schema_migrations" ORDER BY "schema_migrations"."version" ASC[0m
Processing by CompaniesController#index as */*
  [1m[36mCompany Load (0.6ms)[0m  [1m[34mSELECT "companies".* FROM "companies"[0m
  ↳ app/controllers/companies_controller.rb:8:in `index'
Completed 200 OK in 18ms (Views: 11.9ms | ActiveRecord: 4.3ms | Allocations: 9010)


Started GET "/companies/3" for ::1 at 2019-08-17 00:06:19 -0400
Processing by CompaniesController#show as */*
  Parameters: {"id"=>"3"}
  [1m[36mCompany Load (0.5ms)[0m  [1m[34mSELECT "companies".* FROM "companies" WHERE "companies"."id" = $1 LIMIT $2[0m  [["id", 3], ["LIMIT", 1]]
  ↳ app/controllers/companies_controller.rb:44:in `set_company'
Completed 200 OK in 20ms (Views: 0.6ms | ActiveRecord: 1.2ms | Allocations: 4632)


Started GET "/companies" for ::1 at 2019-08-17 00:11:43 -0400
Processing by CompaniesController#index as */*
  [1m[36mCompany Load (1.2ms)[0m  [1m[34mSELECT "companies".* FROM "companies"[0m
  ↳ app/controllers/companies_controller.rb:8:in `index'
Completed 200 OK in 26ms (Views: 21.0ms | ActiveRecord: 1.2ms | Allocations: 2506)


Started GET "/companies" for ::1 at 2019-08-17 00:24:08 -0400
Processing by CompaniesController#index as */*
  [1m[36mCompany Load (2.2ms)[0m  [1m[34mSELECT "companies".* FROM "companies"[0m
  ↳ app/controllers/companies_controller.rb:8:in `index'
Completed 200 OK in 10ms (Views: 7.0ms | ActiveRecord: 2.2ms | Allocations: 2603)


Started GET "/companies" for ::1 at 2019-08-17 00:24:25 -0400
  [1m[35m (1.2ms)[0m  [1m[34mSELECT "schema_migrations"."version" FROM "schema_migrations" ORDER BY "schema_migrations"."version" ASC[0m
Processing by CompaniesController#index as */*
  [1m[36mCompany Load (0.6ms)[0m  [1m[34mSELECT "companies".* FROM "companies"[0m
  ↳ app/controllers/companies_controller.rb:8:in `index'
Completed 200 OK in 18ms (Views: 11.6ms | ActiveRecord: 4.6ms | Allocations: 9011)


Started GET "/companies" for ::1 at 2019-08-17 00:31:08 -0400
Processing by CompaniesController#index as */*
  [1m[36mCompany Load (1.3ms)[0m  [1m[34mSELECT "companies".* FROM "companies"[0m
  ↳ app/controllers/companies_controller.rb:8:in `index'
Completed 200 OK in 21ms (Views: 15.6ms | ActiveRecord: 1.3ms | Allocations: 2615)


Started GET "/companies" for ::1 at 2019-08-17 00:31:28 -0400
Processing by CompaniesController#index as */*
  [1m[36mCompany Load (0.4ms)[0m  [1m[34mSELECT "companies".* FROM "companies"[0m
  ↳ app/controllers/companies_controller.rb:8:in `index'
Completed 200 OK in 7ms (Views: 5.8ms | ActiveRecord: 0.4ms | Allocations: 2507)


Started GET "/companies" for ::1 at 2019-08-17 00:31:35 -0400
Processing by CompaniesController#index as */*
  [1m[36mCompany Load (0.4ms)[0m  [1m[34mSELECT "companies".* FROM "companies"[0m
  ↳ app/controllers/companies_controller.rb:8:in `index'
Completed 200 OK in 7ms (Views: 6.5ms | ActiveRecord: 0.4ms | Allocations: 2507)


Started GET "/companies" for ::1 at 2019-08-17 00:31:39 -0400
Processing by CompaniesController#index as */*
  [1m[36mCompany Load (0.7ms)[0m  [1m[34mSELECT "companies".* FROM "companies"[0m
  ↳ app/controllers/companies_controller.rb:8:in `index'
Completed 200 OK in 7ms (Views: 6.1ms | ActiveRecord: 0.7ms | Allocations: 2507)


Started GET "/companies" for ::1 at 2019-08-17 01:03:21 -0400
Processing by CompaniesController#index as */*
  [1m[36mCompany Load (2.5ms)[0m  [1m[34mSELECT "companies".* FROM "companies"[0m
  ↳ app/controllers/companies_controller.rb:8:in `index'
Completed 200 OK in 10ms (Views: 6.8ms | ActiveRecord: 2.5ms | Allocations: 2604)


Started POST "/companies" for ::1 at 2019-08-17 01:03:50 -0400
Processing by CompaniesController#create as HTML
  Parameters: {"company"=>{}}
Completed 400 Bad Request in 1ms (ActiveRecord: 0.0ms | Allocations: 147)


  
ActionController::ParameterMissing (param is missing or the value is empty: company):
  
app/controllers/companies_controller.rb:49:in `company_params'
app/controllers/companies_controller.rb:18:in `create'
Started GET "/companies" for ::1 at 2019-08-17 01:03:56 -0400
Processing by CompaniesController#index as */*
  [1m[36mCompany Load (0.5ms)[0m  [1m[34mSELECT "companies".* FROM "companies"[0m
  ↳ app/controllers/companies_controller.rb:8:in `index'
Completed 200 OK in 7ms (Views: 5.5ms | ActiveRecord: 0.5ms | Allocations: 2527)


Started GET "/companies" for ::1 at 2019-08-17 01:04:16 -0400
Processing by CompaniesController#index as */*
  [1m[36mCompany Load (0.6ms)[0m  [1m[34mSELECT "companies".* FROM "companies"[0m
  ↳ app/controllers/companies_controller.rb:8:in `index'
Completed 200 OK in 11ms (Views: 7.8ms | ActiveRecord: 0.6ms | Allocations: 2492)


  [1m[36mCompany Load (0.5ms)[0m  [1m[34mSELECT "companies".* FROM "companies" LIMIT $1[0m  [["LIMIT", 11]]
Started POST "/companies" for ::1 at 2019-08-17 01:05:43 -0400
Processing by CompaniesController#create as HTML
  Parameters: {"company"=>{}}
Completed 400 Bad Request in 0ms (ActiveRecord: 0.0ms | Allocations: 140)


  
ActionController::ParameterMissing (param is missing or the value is empty: company):
  
app/controllers/companies_controller.rb:49:in `company_params'
app/controllers/companies_controller.rb:18:in `create'
Started GET "/companies" for ::1 at 2019-08-17 01:07:18 -0400
Processing by CompaniesController#index as */*
  [1m[36mCompany Load (0.7ms)[0m  [1m[34mSELECT "companies".* FROM "companies"[0m
  ↳ app/controllers/companies_controller.rb:8:in `index'
Completed 200 OK in 6ms (Views: 4.7ms | ActiveRecord: 0.7ms | Allocations: 2491)


Started POST "/companies" for ::1 at 2019-08-17 01:07:33 -0400
Processing by CompaniesController#create as HTML
  Parameters: {"name"=>"Apple", "industry"=>"Tech", "open"=>"154", "close"=>"300", "notes"=>"Buy ", "company"=>{"name"=>"Apple", "industry"=>"Tech", "open"=>"154", "close"=>"300", "notes"=>"Buy "}}
  [1m[35m (0.2ms)[0m  [1m[35mBEGIN[0m
  ↳ app/controllers/companies_controller.rb:20:in `create'
  [1m[36mCompany Create (2.6ms)[0m  [1m[32mINSERT INTO "companies" ("name", "industry", "open", "close", "notes", "created_at", "updated_at") VALUES ($1, $2, $3, $4, $5, $6, $7) RETURNING "id"[0m  [["name", "Apple"], ["industry", "Tech"], ["open", 154.0], ["close", 300.0], ["notes", "Buy "], ["created_at", "2019-08-17 05:07:33.741015"], ["updated_at", "2019-08-17 05:07:33.741015"]]
  ↳ app/controllers/companies_controller.rb:20:in `create'
  [1m[35m (0.6ms)[0m  [1m[35mCOMMIT[0m
  ↳ app/controllers/companies_controller.rb:20:in `create'
Completed 201 Created in 13ms (Views: 1.4ms | ActiveRecord: 3.4ms | Allocations: 2841)


Started GET "/companies" for ::1 at 2019-08-17 01:07:47 -0400
Processing by CompaniesController#index as */*
  [1m[36mCompany Load (1.2ms)[0m  [1m[34mSELECT "companies".* FROM "companies"[0m
  ↳ app/controllers/companies_controller.rb:8:in `index'
Completed 200 OK in 8ms (Views: 6.2ms | ActiveRecord: 1.2ms | Allocations: 2657)


